<?xml version="1.0" encoding="UTF-8"?>
<!-- Generated by org.testng.reporters.JUnitReportReporter -->
<testsuite hostname="DESKTOP-GPI2JQ0" failures="0" tests="1" name="testCases.TC_005_Login_Test" time="0.143" errors="0" timestamp="2023-08-24T18:38:00 IST" skipped="0">
  <testcase classname="testCases.TC_005_Login_Test" name="test_login" time="0.143"/>
  <system-out/>
</testsuite> <!-- testCases.TC_005_Login_Test -->
